<?xml version="1.0" encoding="utf-8"?><testsuites><testsuite name="pytest" errors="0" failures="0" skipped="0" tests="174" time="5.528" timestamp="2026-06-20T07:50:36.570238+00:00" hostname="e24c5317e112"><testcase classname="tests.e2e.test_farmer_full_journey" name="test_journey1_full_onboarding" time="0.503" /><testcase classname="tests.e2e.test_farmer_full_journey" name="test_journey2_scan_diseased_leaf" time="0.038" /><testcase classname="tests.e2e.test_farmer_full_journey" name="test_journey3_scan_healthy_leaf" time="0.025" /><testcase classname="tests.e2e.test_farmer_full_journey" name="test_journey4_read_disease_notification" time="0.014" /><testcase classname="tests.e2e.test_farmer_full_journey" name="test_journey5_arabic_language_user" time="0.016" /><testcase classname="tests.e2e.test_farmer_full_journey" name="test_journey6_delete_account" time="0.020" /><testcase classname="tests.integration.test_auth_farm_flow" name="test_step1_send_otp" time="0.020" /><testcase classname="tests.integration.test_auth_farm_flow" name="test_step2_verify_otp_returns_token" time="0.009" /><testcase classname="tests.integration.test_auth_farm_flow" name="test_step3_profile_accessible" time="0.010" /><testcase classname="tests.integration.test_auth_farm_flow" name="test_step4_create_farm" time="0.011" /><testcase classname="tests.integration.test_auth_farm_flow" name="test_step5_list_farms" time="0.012" /><testcase classname="tests.integration.test_auth_farm_flow" name="test_step6_add_field" time="0.014" /><testcase classname="tests.integration.test_auth_farm_flow" name="test_step7_farm_detail_with_field" time="0.011" /><testcase classname="tests.integration.test_auth_farm_flow" name="test_step8_update_farm" time="0.015" /><testcase classname="tests.integration.test_dashboard_flow" name="test_dashboard_summary_structure" time="0.017" /><testcase classname="tests.integration.test_dashboard_flow" name="test_dashboard_unauthenticated" time="0.005" /><testcase classname="tests.integration.test_dashboard_flow" name="test_dashboard_user_with_no_farms" time="0.006" /><testcase classname="tests.integration.test_dashboard_flow" name="test_dashboard_includes_weather" time="0.007" /><testcase classname="tests.integration.test_dashboard_flow" name="test_dashboard_high_unread_notifications" time="0.006" /><testcase classname="tests.integration.test_dashboard_flow" name="test_health_check_ok" time="0.007" /><testcase classname="tests.integration.test_dashboard_flow" name="test_health_check_no_auth_required" time="0.005" /><testcase classname="tests.integration.test_dashboard_flow" name="test_notifications_unread_count_consistent" time="0.007" /><testcase classname="tests.integration.test_scan_notification_flow" name="test_step1_upload_image_accepted" time="0.023" /><testcase classname="tests.integration.test_scan_notification_flow" name="test_step2_detection_result_present" time="0.018" /><testcase classname="tests.integration.test_scan_notification_flow" name="test_step3_scan_requires_auth" time="0.009" /><testcase classname="tests.integration.test_scan_notification_flow" name="test_step4_free_user_over_quota_blocked" time="0.008" /><testcase classname="tests.integration.test_scan_notification_flow" name="test_step5_scan_history_returned" time="0.006" /><testcase classname="tests.integration.test_scan_notification_flow" name="test_step5_scan_history_paginated" time="0.011" /><testcase classname="tests.integration.test_scan_notification_flow" name="test_step6_notification_appears_after_scan" time="0.007" /><testcase classname="tests.integration.test_scan_notification_flow" name="test_step7_unsupported_crop_validation_error" time="0.011" /><testcase classname="tests.integration.test_scan_notification_flow" name="test_step8_missing_crop_type" time="0.019" /><testcase classname="tests.test_auth_service" name="test_generate_token_contains_subject_and_expiry" time="0.003" /><testcase classname="tests.test_auth_service" name="test_mock_otp_flow_accepts_only_default_code" time="0.002" /><testcase classname="tests.test_auth_service" name="test_rate_limit_blocks_after_configured_attempts" time="0.001" /><testcase classname="tests.test_auth_service" name="test_should_use_mock_fallback_in_testing" time="0.001" /><testcase classname="tests.test_backend_integration" name="test_auth_verify_otp_creates_user_and_returns_token" time="0.008" /><testcase classname="tests.test_backend_integration" name="test_auth_send_otp_rejects_invalid_phone" time="0.008" /><testcase classname="tests.test_backend_integration" name="test_farm_create_validates_name_and_persists_farm" time="0.007" /><testcase classname="tests.test_backend_integration" name="test_scan_upload_processes_unhealthy_detection_and_alerts" time="0.006" /><testcase classname="tests.test_backend_integration" name="test_scan_upload_rejects_missing_and_invalid_files" time="0.009" /><testcase classname="tests.test_backend_integration" name="test_scan_upload_returns_validation_failure" time="0.006" /><testcase classname="tests.test_backend_integration" name="test_notifications_device_token_validation_and_registration" time="0.006" /><testcase classname="tests.test_backend_integration" name="test_public_chatbot_rejects_empty_message_and_answers_crop_question" time="0.035" /><testcase classname="tests.test_backend_services" name="test_build_weather_falls_back_without_api_key" time="0.002" /><testcase classname="tests.test_backend_services" name="test_detection_proxy_returns_none_when_service_fails_without_mock" time="0.002" /><testcase classname="tests.test_backend_services" name="test_detection_proxy_uses_deterministic_mock_when_enabled" time="0.197" /><testcase classname="tests.test_backend_services" name="test_detection_proxy_mock_supports_new_crops" time="0.317" /><testcase classname="tests.test_backend_services" name="test_detection_proxy_rejects_mushroom_even_with_mock" time="0.002" /><testcase classname="tests.test_backend_services" name="test_detection_proxy_preserves_structured_validation_errors" time="0.003" /><testcase classname="tests.test_backend_services" name="test_detection_proxy_selects_video_keyframes" time="0.010" /><testcase classname="tests.test_backend_services" name="test_video_aggregate_includes_keyframe_selection_metadata" time="0.001" /><testcase classname="tests.test_backend_services" name="test_generated_frame_bytes_are_saved_locally" time="0.003" /><testcase classname="tests.test_backend_services" name="test_local_storage_upload_and_delete_round_trip" time="0.005" /><testcase classname="tests.test_model_serializers" name="test_user_serializer_is_json_safe" time="0.001" /><testcase classname="tests.test_model_serializers" name="test_farm_serializer_includes_nested_fields" time="0.001" /><testcase classname="tests.test_model_serializers" name="test_scan_serializer_infers_storage_backend" time="0.001" /><testcase classname="tests.test_model_serializers" name="test_scan_update_status_rejects_invalid_status" time="0.001" /><testcase classname="tests.test_model_serializers" name="test_notification_serializer_handles_optional_ids" time="0.000" /><testcase classname="tests.test_more_backend_coverage" name="test_create_app_registers_blueprints_and_error_handlers" time="0.424" /><testcase classname="tests.test_more_backend_coverage" name="test_auth_profile_get_and_update_paths" time="0.009" /><testcase classname="tests.test_more_backend_coverage" name="test_auth_middleware_rejects_missing_expired_invalid_and_unknown_user" time="0.004" /><testcase classname="tests.test_more_backend_coverage" name="test_farm_list_get_update_delete_and_field_routes" time="0.010" /><testcase classname="tests.test_more_backend_coverage" name="test_forbidden_farm_access_is_rejected" time="0.008" /><testcase classname="tests.test_more_backend_coverage" name="test_scan_video_list_get_and_callback_routes" time="0.022" /><testcase classname="tests.test_more_backend_coverage" name="test_scan_upload_handles_storage_and_detection_failures" time="0.019" /><testcase classname="tests.test_more_backend_coverage" name="test_weather_dashboard_report_and_health_routes" time="0.008" /><testcase classname="tests.test_more_backend_coverage" name="test_weather_rejects_invalid_and_missing_farm_scope" time="0.004" /><testcase classname="tests.test_more_backend_coverage" name="test_notifications_list_mark_read_mark_all_and_unregister" time="0.006" /><testcase classname="tests.test_more_backend_coverage" name="test_chatbot_authenticated_endpoint" time="0.007" /><testcase classname="tests.test_more_backend_coverage" name="test_cache_get_set_delete_and_pattern" time="0.001" /><testcase classname="tests.test_more_backend_coverage" name="test_event_publisher_local_and_connected_paths" time="0.001" /><testcase classname="tests.test_more_backend_coverage" name="test_db_status_and_collection_helpers" time="0.001" /><testcase classname="tests.test_more_backend_coverage" name="test_model_crud_functions_use_expected_collection_operations" time="0.001" /><testcase classname="tests.test_validators" name="test_sanitize_phone_normalizes_local_egyptian_numbers" time="0.001" /><testcase classname="tests.test_validators" name="test_is_valid_phone_accepts_only_egyptian_e164_numbers" time="0.001" /><testcase classname="tests.test_validators" name="test_is_valid_object_id_rejects_bad_values" time="0.001" /><testcase classname="tests.unit.test_article_controller" name="test_list_articles_free_user" time="0.015" /><testcase classname="tests.unit.test_article_controller" name="test_list_articles_premium_user" time="0.005" /><testcase classname="tests.unit.test_article_controller" name="test_list_articles_empty_returns_empty_list" time="0.004" /><testcase classname="tests.unit.test_article_controller" name="test_list_articles_pagination" time="0.004" /><testcase classname="tests.unit.test_article_controller" name="test_list_articles_unauthenticated" time="0.003" /><testcase classname="tests.unit.test_article_controller" name="test_list_articles_filter_by_tag" time="0.004" /><testcase classname="tests.unit.test_article_controller" name="test_get_article_found" time="0.003" /><testcase classname="tests.unit.test_article_controller" name="test_get_article_not_found" time="0.003" /><testcase classname="tests.unit.test_article_controller" name="test_get_article_invalid_id" time="0.003" /><testcase classname="tests.unit.test_auth_controller" name="test_send_otp_valid_phone" time="0.008" /><testcase classname="tests.unit.test_auth_controller" name="test_send_otp_missing_phone" time="0.007" /><testcase classname="tests.unit.test_auth_controller" name="test_send_otp_invalid_format" time="0.006" /><testcase classname="tests.unit.test_auth_controller" name="test_send_otp_empty_string" time="0.007" /><testcase classname="tests.unit.test_auth_controller" name="test_send_otp_non_egyptian_number_rejected" time="0.007" /><testcase classname="tests.unit.test_auth_controller" name="test_register_creates_user" time="0.008" /><testcase classname="tests.unit.test_auth_controller" name="test_register_duplicate_phone" time="0.006" /><testcase classname="tests.unit.test_auth_controller" name="test_register_missing_name" time="0.008" /><testcase classname="tests.unit.test_auth_controller" name="test_register_missing_phone" time="0.009" /><testcase classname="tests.unit.test_auth_controller" name="test_verify_otp_returns_token" time="0.008" /><testcase classname="tests.unit.test_auth_controller" name="test_verify_otp_wrong_code" time="0.009" /><testcase classname="tests.unit.test_auth_controller" name="test_verify_otp_missing_fields" time="0.006" /><testcase classname="tests.unit.test_auth_controller" name="test_verify_otp_user_not_found" time="0.007" /><testcase classname="tests.unit.test_auth_controller" name="test_get_profile_returns_user" time="0.007" /><testcase classname="tests.unit.test_auth_controller" name="test_get_profile_unauthenticated" time="0.006" /><testcase classname="tests.unit.test_auth_controller" name="test_get_profile_user_deleted" time="0.010" /><testcase classname="tests.unit.test_auth_controller" name="test_update_profile_name" time="0.007" /><testcase classname="tests.unit.test_auth_controller" name="test_update_profile_language" time="0.007" /><testcase classname="tests.unit.test_auth_controller" name="test_update_profile_empty_body" time="0.006" /><testcase classname="tests.unit.test_auth_controller" name="test_delete_account_removes_all_data" time="0.008" /><testcase classname="tests.unit.test_auth_controller" name="test_delete_account_unauthenticated" time="0.006" /><testcase classname="tests.unit.test_forum_controller" name="test_get_feed_returns_list" time="0.009" /><testcase classname="tests.unit.test_forum_controller" name="test_get_feed_unauthenticated" time="0.009" /><testcase classname="tests.unit.test_forum_controller" name="test_get_feed_pagination" time="0.009" /><testcase classname="tests.unit.test_forum_controller" name="test_list_posts_returns_paginated" time="0.009" /><testcase classname="tests.unit.test_forum_controller" name="test_create_post_valid" time="0.009" /><testcase classname="tests.unit.test_forum_controller" name="test_create_post_escapes_html" time="0.010" /><testcase classname="tests.unit.test_forum_controller" name="test_create_post_missing_body" time="0.011" /><testcase classname="tests.unit.test_forum_controller" name="test_delete_post_own" time="0.012" /><testcase classname="tests.unit.test_forum_controller" name="test_delete_post_not_found" time="0.010" /><testcase classname="tests.unit.test_forum_controller" name="test_delete_post_unauthorized" time="0.009" /><testcase classname="tests.unit.test_forum_controller" name="test_toggle_like_adds_like" time="0.010" /><testcase classname="tests.unit.test_forum_controller" name="test_toggle_like_not_found" time="0.008" /><testcase classname="tests.unit.test_forum_controller" name="test_get_comments_returns_list" time="0.009" /><testcase classname="tests.unit.test_forum_controller" name="test_add_comment_valid" time="0.010" /><testcase classname="tests.unit.test_forum_controller" name="test_add_comment_escapes_xss" time="0.012" /><testcase classname="tests.unit.test_forum_controller" name="test_add_comment_missing_body" time="0.009" /><testcase classname="tests.unit.test_forum_controller" name="test_list_questions_returns_paginated" time="0.012" /><testcase classname="tests.unit.test_forum_controller" name="test_ask_question_valid" time="0.009" /><testcase classname="tests.unit.test_forum_controller" name="test_ask_question_missing_title" time="0.009" /><testcase classname="tests.unit.test_forum_controller" name="test_ask_question_escapes_xss" time="0.008" /><testcase classname="tests.unit.test_insights_service" name="test_best_location_picks_first_valid" time="0.001" /><testcase classname="tests.unit.test_insights_service" name="test_best_location_empty_farms" time="0.001" /><testcase classname="tests.unit.test_insights_service" name="test_best_location_farm_without_location" time="0.001" /><testcase classname="tests.unit.test_insights_service" name="test_extract_coordinates_valid" time="0.001" /><testcase classname="tests.unit.test_insights_service" name="test_extract_coordinates_none_input" time="0.000" /><testcase classname="tests.unit.test_insights_service" name="test_extract_coordinates_missing_keys" time="0.000" /><testcase classname="tests.unit.test_insights_service" name="test_extract_coordinates_zero_values" time="0.001" /><testcase classname="tests.unit.test_insights_service" name="test_normalize_condition_clear" time="0.001" /><testcase classname="tests.unit.test_insights_service" name="test_normalize_condition_rain" time="0.000" /><testcase classname="tests.unit.test_insights_service" name="test_normalize_condition_empty" time="0.001" /><testcase classname="tests.unit.test_insights_service" name="test_normalize_condition_unknown" time="0.000" /><testcase classname="tests.unit.test_insights_service" name="test_fallback_weather_returns_structure" time="0.001" /><testcase classname="tests.unit.test_insights_service" name="test_fallback_weather_with_location" time="0.001" /><testcase classname="tests.unit.test_insights_service" name="test_fallback_weather_days_parameter" time="0.001" /><testcase classname="tests.unit.test_insights_service" name="test_build_weather_no_api_key_uses_fallback" time="0.003" /><testcase classname="tests.unit.test_insights_service" name="test_build_weather_returns_dict" time="0.002" /><testcase classname="tests.unit.test_insights_service" name="test_build_dashboard_summary_structure" time="0.005" /><testcase classname="tests.unit.test_notification_controller" name="test_list_notifications_returns_list" time="0.005" /><testcase classname="tests.unit.test_notification_controller" name="test_list_notifications_unauthenticated" time="0.004" /><testcase classname="tests.unit.test_notification_controller" name="test_list_notifications_empty" time="0.006" /><testcase classname="tests.unit.test_notification_controller" name="test_list_notifications_unread_count" time="0.004" /><testcase classname="tests.unit.test_notification_controller" name="test_mark_notification_read" time="0.005" /><testcase classname="tests.unit.test_notification_controller" name="test_mark_read_not_found" time="0.005" /><testcase classname="tests.unit.test_notification_controller" name="test_mark_read_invalid_id" time="0.004" /><testcase classname="tests.unit.test_notification_controller" name="test_mark_all_notifications_read" time="0.006" /><testcase classname="tests.unit.test_notification_controller" name="test_register_device_token_valid" time="0.010" /><testcase classname="tests.unit.test_notification_controller" name="test_register_device_token_missing" time="0.007" /><testcase classname="tests.unit.test_notification_controller" name="test_unregister_device_token" time="0.006" /><testcase classname="tests.unit.test_subscription_service" name="test_get_plan_returns_free_by_default" time="0.001" /><testcase classname="tests.unit.test_subscription_service" name="test_get_plan_returns_premium" time="0.001" /><testcase classname="tests.unit.test_subscription_service" name="test_get_plan_returns_admin" time="0.001" /><testcase classname="tests.unit.test_subscription_service" name="test_get_plan_unknown_value_defaults_to_free" time="0.001" /><testcase classname="tests.unit.test_subscription_service" name="test_has_feature_free_user_lacks_premium_feature" time="0.001" /><testcase classname="tests.unit.test_subscription_service" name="test_has_feature_premium_user_has_detailed_report" time="0.001" /><testcase classname="tests.unit.test_subscription_service" name="test_has_feature_premium_has_unlimited_scans" time="0.001" /><testcase classname="tests.unit.test_subscription_service" name="test_has_feature_unknown_feature_returns_false" time="0.001" /><testcase classname="tests.unit.test_subscription_service" name="test_plan_meets_minimum_free_meets_free" time="0.002" /><testcase classname="tests.unit.test_subscription_service" name="test_plan_meets_minimum_free_fails_premium" time="0.001" /><testcase classname="tests.unit.test_subscription_service" name="test_plan_meets_minimum_premium_meets_free" time="0.001" /><testcase classname="tests.unit.test_subscription_service" name="test_plan_meets_minimum_professional_meets_premium" time="0.001" /><testcase classname="tests.unit.test_subscription_service" name="test_can_scan_free_user_within_quota" time="0.002" /><testcase classname="tests.unit.test_subscription_service" name="test_can_scan_free_user_over_quota" time="0.001" /><testcase classname="tests.unit.test_subscription_service" name="test_can_scan_premium_user_always_allowed" time="0.001" /><testcase classname="tests.unit.test_subscription_service" name="test_get_scan_quota_free_has_limit" time="0.001" /><testcase classname="tests.unit.test_subscription_service" name="test_get_scan_quota_premium_unlimited" time="0.001" /><testcase classname="tests.unit.test_subscription_service" name="test_articles_depth_free_is_basic" time="0.001" /><testcase classname="tests.unit.test_subscription_service" name="test_articles_depth_premium_is_detailed" time="0.001" /><testcase classname="tests.unit.test_subscription_service" name="test_articles_depth_professional_is_full" time="0.001" /></testsuite></testsuites>